d:\hj_c\mfc\chomework\debug\chomework.pch
d:\hj_c\mfc\chomework\debug\vc142.pdb
d:\hj_c\mfc\chomework\debug\vc142.idb
d:\hj_c\mfc\chomework\debug\pch.obj
d:\hj_c\mfc\chomework\debug\chomeworkview.obj
d:\hj_c\mfc\chomework\debug\chomeworkdoc.obj
d:\hj_c\mfc\chomework\debug\chomework.obj
d:\hj_c\mfc\chomework\debug\mainfrm.obj
d:\hj_c\mfc\chomework\debug\chomework.exe
d:\hj_c\mfc\chomework\debug\chomework.ilk
d:\hj_c\mfc\chomework\debug\chomework.pdb
d:\hj_c\mfc\chomework\debug\chomework.res
d:\hj_c\mfc\chomework\debug\chomework.tlog\cl.command.1.tlog
d:\hj_c\mfc\chomework\debug\chomework.tlog\cl.read.1.tlog
d:\hj_c\mfc\chomework\debug\chomework.tlog\cl.write.1.tlog
d:\hj_c\mfc\chomework\debug\chomework.tlog\link.command.1.tlog
d:\hj_c\mfc\chomework\debug\chomework.tlog\link.read.1.tlog
d:\hj_c\mfc\chomework\debug\chomework.tlog\link.write.1.tlog
d:\hj_c\mfc\chomework\debug\chomework.tlog\rc.command.1.tlog
d:\hj_c\mfc\chomework\debug\chomework.tlog\rc.read.1.tlog
d:\hj_c\mfc\chomework\debug\chomework.tlog\rc.write.1.tlog
