d:\hj_c\mfc\penbrushdemo\debug\penbrushdemo.pch
d:\hj_c\mfc\penbrushdemo\debug\vc142.pdb
d:\hj_c\mfc\penbrushdemo\debug\vc142.idb
d:\hj_c\mfc\penbrushdemo\debug\pch.obj
d:\hj_c\mfc\penbrushdemo\debug\penbrushdemoview.obj
d:\hj_c\mfc\penbrushdemo\debug\penbrushdemo.obj
d:\hj_c\mfc\penbrushdemo\debug\penbrushdemodoc.obj
d:\hj_c\mfc\penbrushdemo\debug\mainfrm.obj
d:\hj_c\mfc\penbrushdemo\debug\penbrushdemo.exe
d:\hj_c\mfc\penbrushdemo\debug\penbrushdemo.ilk
d:\hj_c\mfc\penbrushdemo\debug\penbrushdemo.pdb
d:\hj_c\mfc\penbrushdemo\debug\penbrushdemo.res
d:\hj_c\mfc\penbrushdemo\debug\penbrushdemo.tlog\cl.command.1.tlog
d:\hj_c\mfc\penbrushdemo\debug\penbrushdemo.tlog\cl.read.1.tlog
d:\hj_c\mfc\penbrushdemo\debug\penbrushdemo.tlog\cl.write.1.tlog
d:\hj_c\mfc\penbrushdemo\debug\penbrushdemo.tlog\link.command.1.tlog
d:\hj_c\mfc\penbrushdemo\debug\penbrushdemo.tlog\link.read.1.tlog
d:\hj_c\mfc\penbrushdemo\debug\penbrushdemo.tlog\link.write.1.tlog
d:\hj_c\mfc\penbrushdemo\debug\penbrushdemo.tlog\rc.command.1.tlog
d:\hj_c\mfc\penbrushdemo\debug\penbrushdemo.tlog\rc.read.1.tlog
d:\hj_c\mfc\penbrushdemo\debug\penbrushdemo.tlog\rc.write.1.tlog
